analyze -format sverilog {   adder.sv   flopr.sv   imm_Gen.sv   mux2.sv   datamemory.sv   instructionmemory.sv   ALUController.sv   alu.sv   RegFile.sv   Controller.sv   Datapath.sv   RISC_V.sv   aluConstants.vh   branchMux.sv   adder32Bit.sv   adderCL4.sv }
Running PRESTO HDLC
Searching for ./adder.sv
Searching for /ecelib/linware/synopsys15/dc/libraries/syn/adder.sv
Searching for /ecelib/linware/synopsys15/dc/packages/adder.sv
Searching for /ecelib/linware/synopsys15/dc/packages/IEEE/adder.sv
Searching for /users/ugrad2/2012/spring/pooriam/libraries/adder.sv
Searching for /users/ugrad/2017/spring/justidl3/112L/lab-2/lab-2/design/adder.sv
Searching for ./flopr.sv
Searching for /ecelib/linware/synopsys15/dc/libraries/syn/flopr.sv
Searching for /ecelib/linware/synopsys15/dc/packages/flopr.sv
Searching for /ecelib/linware/synopsys15/dc/packages/IEEE/flopr.sv
Searching for /users/ugrad2/2012/spring/pooriam/libraries/flopr.sv
Searching for /users/ugrad/2017/spring/justidl3/112L/lab-2/lab-2/design/flopr.sv
Searching for ./imm_Gen.sv
Searching for /ecelib/linware/synopsys15/dc/libraries/syn/imm_Gen.sv
Searching for /ecelib/linware/synopsys15/dc/packages/imm_Gen.sv
Searching for /ecelib/linware/synopsys15/dc/packages/IEEE/imm_Gen.sv
Searching for /users/ugrad2/2012/spring/pooriam/libraries/imm_Gen.sv
Searching for /users/ugrad/2017/spring/justidl3/112L/lab-2/lab-2/design/imm_Gen.sv
Searching for ./mux2.sv
Searching for /ecelib/linware/synopsys15/dc/libraries/syn/mux2.sv
Searching for /ecelib/linware/synopsys15/dc/packages/mux2.sv
Searching for /ecelib/linware/synopsys15/dc/packages/IEEE/mux2.sv
Searching for /users/ugrad2/2012/spring/pooriam/libraries/mux2.sv
Searching for /users/ugrad/2017/spring/justidl3/112L/lab-2/lab-2/design/mux2.sv
Searching for ./datamemory.sv
Searching for /ecelib/linware/synopsys15/dc/libraries/syn/datamemory.sv
Searching for /ecelib/linware/synopsys15/dc/packages/datamemory.sv
Searching for /ecelib/linware/synopsys15/dc/packages/IEEE/datamemory.sv
Searching for /users/ugrad2/2012/spring/pooriam/libraries/datamemory.sv
Searching for /users/ugrad/2017/spring/justidl3/112L/lab-2/lab-2/design/datamemory.sv
Searching for ./instructionmemory.sv
Searching for /ecelib/linware/synopsys15/dc/libraries/syn/instructionmemory.sv
Searching for /ecelib/linware/synopsys15/dc/packages/instructionmemory.sv
Searching for /ecelib/linware/synopsys15/dc/packages/IEEE/instructionmemory.sv
Searching for /users/ugrad2/2012/spring/pooriam/libraries/instructionmemory.sv
Searching for /users/ugrad/2017/spring/justidl3/112L/lab-2/lab-2/design/instructionmemory.sv
Searching for ./ALUController.sv
Searching for /ecelib/linware/synopsys15/dc/libraries/syn/ALUController.sv
Searching for /ecelib/linware/synopsys15/dc/packages/ALUController.sv
Searching for /ecelib/linware/synopsys15/dc/packages/IEEE/ALUController.sv
Searching for /users/ugrad2/2012/spring/pooriam/libraries/ALUController.sv
Searching for /users/ugrad/2017/spring/justidl3/112L/lab-2/lab-2/design/ALUController.sv
Searching for ./alu.sv
Searching for /ecelib/linware/synopsys15/dc/libraries/syn/alu.sv
Searching for /ecelib/linware/synopsys15/dc/packages/alu.sv
Searching for /ecelib/linware/synopsys15/dc/packages/IEEE/alu.sv
Searching for /users/ugrad2/2012/spring/pooriam/libraries/alu.sv
Searching for /users/ugrad/2017/spring/justidl3/112L/lab-2/lab-2/design/alu.sv
Searching for ./RegFile.sv
Searching for /ecelib/linware/synopsys15/dc/libraries/syn/RegFile.sv
Searching for /ecelib/linware/synopsys15/dc/packages/RegFile.sv
Searching for /ecelib/linware/synopsys15/dc/packages/IEEE/RegFile.sv
Searching for /users/ugrad2/2012/spring/pooriam/libraries/RegFile.sv
Searching for /users/ugrad/2017/spring/justidl3/112L/lab-2/lab-2/design/RegFile.sv
Searching for ./Controller.sv
Searching for /ecelib/linware/synopsys15/dc/libraries/syn/Controller.sv
Searching for /ecelib/linware/synopsys15/dc/packages/Controller.sv
Searching for /ecelib/linware/synopsys15/dc/packages/IEEE/Controller.sv
Searching for /users/ugrad2/2012/spring/pooriam/libraries/Controller.sv
Searching for /users/ugrad/2017/spring/justidl3/112L/lab-2/lab-2/design/Controller.sv
Searching for ./Datapath.sv
Searching for /ecelib/linware/synopsys15/dc/libraries/syn/Datapath.sv
Searching for /ecelib/linware/synopsys15/dc/packages/Datapath.sv
Searching for /ecelib/linware/synopsys15/dc/packages/IEEE/Datapath.sv
Searching for /users/ugrad2/2012/spring/pooriam/libraries/Datapath.sv
Searching for /users/ugrad/2017/spring/justidl3/112L/lab-2/lab-2/design/Datapath.sv
Searching for ./RISC_V.sv
Searching for /ecelib/linware/synopsys15/dc/libraries/syn/RISC_V.sv
Searching for /ecelib/linware/synopsys15/dc/packages/RISC_V.sv
Searching for /ecelib/linware/synopsys15/dc/packages/IEEE/RISC_V.sv
Searching for /users/ugrad2/2012/spring/pooriam/libraries/RISC_V.sv
Searching for /users/ugrad/2017/spring/justidl3/112L/lab-2/lab-2/design/RISC_V.sv
Searching for ./aluConstants.vh
Searching for /ecelib/linware/synopsys15/dc/libraries/syn/aluConstants.vh
Searching for /ecelib/linware/synopsys15/dc/packages/aluConstants.vh
Searching for /ecelib/linware/synopsys15/dc/packages/IEEE/aluConstants.vh
Searching for /users/ugrad2/2012/spring/pooriam/libraries/aluConstants.vh
Searching for /users/ugrad/2017/spring/justidl3/112L/lab-2/lab-2/design/aluConstants.vh
Searching for ./branchMux.sv
Searching for /ecelib/linware/synopsys15/dc/libraries/syn/branchMux.sv
Searching for /ecelib/linware/synopsys15/dc/packages/branchMux.sv
Searching for /ecelib/linware/synopsys15/dc/packages/IEEE/branchMux.sv
Searching for /users/ugrad2/2012/spring/pooriam/libraries/branchMux.sv
Searching for /users/ugrad/2017/spring/justidl3/112L/lab-2/lab-2/design/branchMux.sv
Searching for ./adder32Bit.sv
Searching for /ecelib/linware/synopsys15/dc/libraries/syn/adder32Bit.sv
Searching for /ecelib/linware/synopsys15/dc/packages/adder32Bit.sv
Searching for /ecelib/linware/synopsys15/dc/packages/IEEE/adder32Bit.sv
Searching for /users/ugrad2/2012/spring/pooriam/libraries/adder32Bit.sv
Searching for /users/ugrad/2017/spring/justidl3/112L/lab-2/lab-2/design/adder32Bit.sv
Searching for ./adderCL4.sv
Searching for /ecelib/linware/synopsys15/dc/libraries/syn/adderCL4.sv
Searching for /ecelib/linware/synopsys15/dc/packages/adderCL4.sv
Searching for /ecelib/linware/synopsys15/dc/packages/IEEE/adderCL4.sv
Searching for /users/ugrad2/2012/spring/pooriam/libraries/adderCL4.sv
Searching for /users/ugrad/2017/spring/justidl3/112L/lab-2/lab-2/design/adderCL4.sv
Compiling source file /users/ugrad/2017/spring/justidl3/112L/lab-2/lab-2/design/adder.sv
Compiling source file /users/ugrad/2017/spring/justidl3/112L/lab-2/lab-2/design/flopr.sv
Compiling source file /users/ugrad/2017/spring/justidl3/112L/lab-2/lab-2/design/imm_Gen.sv
Compiling source file /users/ugrad/2017/spring/justidl3/112L/lab-2/lab-2/design/mux2.sv
Compiling source file /users/ugrad/2017/spring/justidl3/112L/lab-2/lab-2/design/datamemory.sv
Compiling source file /users/ugrad/2017/spring/justidl3/112L/lab-2/lab-2/design/instructionmemory.sv
Compiling source file /users/ugrad/2017/spring/justidl3/112L/lab-2/lab-2/design/ALUController.sv
Opening include file /users/ugrad/2017/spring/justidl3/112L/lab-2/lab-2/design/aluConstants.vh
Compiling source file /users/ugrad/2017/spring/justidl3/112L/lab-2/lab-2/design/alu.sv
Compiling source file /users/ugrad/2017/spring/justidl3/112L/lab-2/lab-2/design/RegFile.sv
Compiling source file /users/ugrad/2017/spring/justidl3/112L/lab-2/lab-2/design/Controller.sv
Compiling source file /users/ugrad/2017/spring/justidl3/112L/lab-2/lab-2/design/Datapath.sv
Compiling source file /users/ugrad/2017/spring/justidl3/112L/lab-2/lab-2/design/RISC_V.sv
Compiling source file /users/ugrad/2017/spring/justidl3/112L/lab-2/lab-2/design/aluConstants.vh
Compiling source file /users/ugrad/2017/spring/justidl3/112L/lab-2/lab-2/design/branchMux.sv
Compiling source file /users/ugrad/2017/spring/justidl3/112L/lab-2/lab-2/design/adder32Bit.sv
Compiling source file /users/ugrad/2017/spring/justidl3/112L/lab-2/lab-2/design/adderCL4.sv
Presto compilation completed successfully.
Loading db file '/users/ugrad2/2012/spring/pooriam/libraries/saed32lvt_tt1p05vn40c.db'
Loading db file '/users/ugrad2/2012/spring/pooriam/libraries/saed32sram_tt1p05vn40c.db'
Loading db file '/ecelib/linware/synopsys15/dc/libraries/syn/dw_foundation.sldb'
1
1
